<?xml version="1.0" encoding="UTF-8"?>
<coverage generated="1614671144418" clover="3.2.0">
  <project timestamp="1614671144419" name="All files">
    <metrics statements="24" coveredstatements="24" conditionals="5" coveredconditionals="5" methods="7" coveredmethods="7" elements="36" coveredelements="36" complexity="0" loc="24" ncloc="24" packages="1" files="7" classes="7"/>
    <file name="01.js" path="/home/anutomo/Bootcamp/xapiens-batch2/task/day-006/js-testing-challenge/src/01.js">
      <metrics statements="2" coveredstatements="2" conditionals="0" coveredconditionals="0" methods="1" coveredmethods="1"/>
      <line num="2" count="1" type="stmt"/>
      <line num="7" count="1" type="stmt"/>
    </file>
    <file name="02.js" path="/home/anutomo/Bootcamp/xapiens-batch2/task/day-006/js-testing-challenge/src/02.js">
      <metrics statements="2" coveredstatements="2" conditionals="0" coveredconditionals="0" methods="1" coveredmethods="1"/>
      <line num="2" count="1" type="stmt"/>
      <line num="5" count="1" type="stmt"/>
    </file>
    <file name="03.js" path="/home/anutomo/Bootcamp/xapiens-batch2/task/day-006/js-testing-challenge/src/03.js">
      <metrics statements="2" coveredstatements="2" conditionals="0" coveredconditionals="0" methods="1" coveredmethods="1"/>
      <line num="2" count="1" type="stmt"/>
      <line num="5" count="1" type="stmt"/>
    </file>
    <file name="04.js" path="/home/anutomo/Bootcamp/xapiens-batch2/task/day-006/js-testing-challenge/src/04.js">
      <metrics statements="2" coveredstatements="2" conditionals="3" coveredconditionals="3" methods="1" coveredmethods="1"/>
      <line num="3" count="2" type="cond" truecount="3" falsecount="0"/>
      <line num="6" count="1" type="stmt"/>
    </file>
    <file name="05.js" path="/home/anutomo/Bootcamp/xapiens-batch2/task/day-006/js-testing-challenge/src/05.js">
      <metrics statements="3" coveredstatements="3" conditionals="2" coveredconditionals="2" methods="1" coveredmethods="1"/>
      <line num="2" count="4" type="cond" truecount="2" falsecount="0"/>
      <line num="3" count="2" type="stmt"/>
      <line num="6" count="1" type="stmt"/>
    </file>
    <file name="06.js" path="/home/anutomo/Bootcamp/xapiens-batch2/task/day-006/js-testing-challenge/src/06.js">
      <metrics statements="2" coveredstatements="2" conditionals="0" coveredconditionals="0" methods="1" coveredmethods="1"/>
      <line num="2" count="1" type="stmt"/>
      <line num="5" count="1" type="stmt"/>
    </file>
    <file name="07.js" path="/home/anutomo/Bootcamp/xapiens-batch2/task/day-006/js-testing-challenge/src/07.js">
      <metrics statements="11" coveredstatements="11" conditionals="0" coveredconditionals="0" methods="1" coveredmethods="1"/>
      <line num="2" count="1" type="stmt"/>
      <line num="3" count="1" type="stmt"/>
      <line num="5" count="1" type="stmt"/>
      <line num="6" count="3" type="stmt"/>
      <line num="7" count="3" type="stmt"/>
      <line num="8" count="11" type="stmt"/>
      <line num="9" count="22" type="stmt"/>
      <line num="12" count="3" type="stmt"/>
      <line num="14" count="1" type="stmt"/>
      <line num="15" count="1" type="stmt"/>
      <line num="18" count="1" type="stmt"/>
    </file>
  </project>
</coverage>
