{"/home/anutomo/Bootcamp/xapiens-batch2/task/day-006/js-testing-challenge/src/01.js": {"path":"/home/anutomo/Bootcamp/xapiens-batch2/task/day-006/js-testing-challenge/src/01.js","statementMap":{"0":{"start":{"line":2,"column":2},"end":{"line":2,"column":21}},"1":{"start":{"line":7,"column":0},"end":{"line":7,"column":28}}},"fnMap":{"0":{"name":"charLength","decl":{"start":{"line":1,"column":9},"end":{"line":1,"column":19}},"loc":{"start":{"line":1,"column":26},"end":{"line":3,"column":1}},"line":1}},"branchMap":{},"s":{"0":1,"1":1},"f":{"0":1},"b":{},"_coverageSchema":"1a1c01bbd47fc00a2c39e90264f33305004495a9","hash":"b9aa5953e11f395d85ce226bf32f3a875f617637"}
,"/home/anutomo/Bootcamp/xapiens-batch2/task/day-006/js-testing-challenge/src/02.js": {"path":"/home/anutomo/Bootcamp/xapiens-batch2/task/day-006/js-testing-challenge/src/02.js","statementMap":{"0":{"start":{"line":2,"column":2},"end":{"line":2,"column":15}},"1":{"start":{"line":5,"column":0},"end":{"line":5,"column":21}}},"fnMap":{"0":{"name":"sum","decl":{"start":{"line":1,"column":9},"end":{"line":1,"column":12}},"loc":{"start":{"line":1,"column":19},"end":{"line":3,"column":1}},"line":1}},"branchMap":{},"s":{"0":1,"1":1},"f":{"0":1},"b":{},"_coverageSchema":"1a1c01bbd47fc00a2c39e90264f33305004495a9","hash":"b85e7eeb53cb65e917cadb6c3bada7dcc9ead3b5"}
,"/home/anutomo/Bootcamp/xapiens-batch2/task/day-006/js-testing-challenge/src/03.js": {"path":"/home/anutomo/Bootcamp/xapiens-batch2/task/day-006/js-testing-challenge/src/03.js","statementMap":{"0":{"start":{"line":2,"column":2},"end":{"line":2,"column":21}},"1":{"start":{"line":5,"column":0},"end":{"line":5,"column":28}}},"fnMap":{"0":{"name":"mebiToKibi","decl":{"start":{"line":1,"column":9},"end":{"line":1,"column":19}},"loc":{"start":{"line":1,"column":26},"end":{"line":3,"column":1}},"line":1}},"branchMap":{},"s":{"0":1,"1":1},"f":{"0":1},"b":{},"_coverageSchema":"1a1c01bbd47fc00a2c39e90264f33305004495a9","hash":"1aa33a0157370195903b2f17df31b151ac3d323f"}
,"/home/anutomo/Bootcamp/xapiens-batch2/task/day-006/js-testing-challenge/src/04.js": {"path":"/home/anutomo/Bootcamp/xapiens-batch2/task/day-006/js-testing-challenge/src/04.js","statementMap":{"0":{"start":{"line":3,"column":2},"end":{"line":3,"column":63}},"1":{"start":{"line":6,"column":0},"end":{"line":6,"column":28}}},"fnMap":{"0":{"name":"isLeapYear","decl":{"start":{"line":1,"column":9},"end":{"line":1,"column":19}},"loc":{"start":{"line":1,"column":26},"end":{"line":4,"column":1}},"line":1}},"branchMap":{"0":{"loc":{"start":{"line":3,"column":9},"end":{"line":3,"column":62}},"type":"binary-expr","locations":[{"start":{"line":3,"column":10},"end":{"line":3,"column":23}},{"start":{"line":3,"column":27},"end":{"line":3,"column":42}},{"start":{"line":3,"column":47},"end":{"line":3,"column":62}}],"line":3}},"s":{"0":2,"1":1},"f":{"0":2},"b":{"0":[2,1,1]},"_coverageSchema":"1a1c01bbd47fc00a2c39e90264f33305004495a9","hash":"1c06da2fe138b1e94a8f8d5d56c6e8dcd886481c"}
,"/home/anutomo/Bootcamp/xapiens-batch2/task/day-006/js-testing-challenge/src/05.js": {"path":"/home/anutomo/Bootcamp/xapiens-batch2/task/day-006/js-testing-challenge/src/05.js","statementMap":{"0":{"start":{"line":2,"column":2},"end":{"line":2,"column":70}},"1":{"start":{"line":2,"column":15},"end":{"line":2,"column":16}},"2":{"start":{"line":2,"column":35},"end":{"line":2,"column":70}},"3":{"start":{"line":2,"column":57},"end":{"line":2,"column":70}},"4":{"start":{"line":3,"column":2},"end":{"line":3,"column":20}},"5":{"start":{"line":6,"column":0},"end":{"line":6,"column":25}}},"fnMap":{"0":{"name":"isPrime","decl":{"start":{"line":1,"column":9},"end":{"line":1,"column":16}},"loc":{"start":{"line":1,"column":25},"end":{"line":4,"column":1}},"line":1}},"branchMap":{"0":{"loc":{"start":{"line":2,"column":35},"end":{"line":2,"column":70}},"type":"if","locations":[{"start":{"line":2,"column":35},"end":{"line":2,"column":70}},{"start":{"line":2,"column":35},"end":{"line":2,"column":70}}],"line":2}},"s":{"0":3,"1":3,"2":4,"3":1,"4":2,"5":1},"f":{"0":3},"b":{"0":[1,3]},"_coverageSchema":"1a1c01bbd47fc00a2c39e90264f33305004495a9","hash":"da2ee228354a0425db3ebf1837e70bd58b6cbaed"}
,"/home/anutomo/Bootcamp/xapiens-batch2/task/day-006/js-testing-challenge/src/06.js": {"path":"/home/anutomo/Bootcamp/xapiens-batch2/task/day-006/js-testing-challenge/src/06.js","statementMap":{"0":{"start":{"line":3,"column":12},"end":{"line":3,"column":23}},"1":{"start":{"line":4,"column":15},"end":{"line":4,"column":17}},"2":{"start":{"line":6,"column":2},"end":{"line":10,"column":3}},"3":{"start":{"line":6,"column":15},"end":{"line":6,"column":16}},"4":{"start":{"line":7,"column":4},"end":{"line":9,"column":5}},"5":{"start":{"line":7,"column":17},"end":{"line":7,"column":18}},"6":{"start":{"line":8,"column":6},"end":{"line":8,"column":24}},"7":{"start":{"line":11,"column":2},"end":{"line":11,"column":16}},"8":{"start":{"line":13,"column":0},"end":{"line":13,"column":30}},"9":{"start":{"line":15,"column":0},"end":{"line":15,"column":40}}},"fnMap":{"0":{"name":"repeatString","decl":{"start":{"line":1,"column":9},"end":{"line":1,"column":21}},"loc":{"start":{"line":1,"column":35},"end":{"line":12,"column":1}},"line":1}},"branchMap":{},"s":{"0":2,"1":2,"2":2,"3":2,"4":6,"5":6,"6":42,"7":2,"8":1,"9":1},"f":{"0":2},"b":{},"_coverageSchema":"1a1c01bbd47fc00a2c39e90264f33305004495a9","hash":"dd70de42bea717fe5f505edee80ecd3a9116ad89"}
,"/home/anutomo/Bootcamp/xapiens-batch2/task/day-006/js-testing-challenge/src/07.js": {"path":"/home/anutomo/Bootcamp/xapiens-batch2/task/day-006/js-testing-challenge/src/07.js","statementMap":{"0":{"start":{"line":2,"column":12},"end":{"line":2,"column":27}},"1":{"start":{"line":3,"column":12},"end":{"line":3,"column":14}},"2":{"start":{"line":5,"column":2},"end":{"line":13,"column":3}},"3":{"start":{"line":5,"column":15},"end":{"line":5,"column":16}},"4":{"start":{"line":6,"column":15},"end":{"line":6,"column":21}},"5":{"start":{"line":7,"column":4},"end":{"line":11,"column":5}},"6":{"start":{"line":7,"column":17},"end":{"line":7,"column":18}},"7":{"start":{"line":8,"column":6},"end":{"line":10,"column":7}},"8":{"start":{"line":8,"column":19},"end":{"line":8,"column":20}},"9":{"start":{"line":9,"column":8},"end":{"line":9,"column":23}},"10":{"start":{"line":12,"column":4},"end":{"line":12,"column":15}},"11":{"start":{"line":14,"column":2},"end":{"line":14,"column":20}},"12":{"start":{"line":17,"column":0},"end":{"line":17,"column":30}}},"fnMap":{"0":{"name":"repeatLetter","decl":{"start":{"line":1,"column":9},"end":{"line":1,"column":21}},"loc":{"start":{"line":1,"column":35},"end":{"line":15,"column":1}},"line":1}},"branchMap":{},"s":{"0":1,"1":1,"2":1,"3":1,"4":3,"5":3,"6":3,"7":11,"8":11,"9":22,"10":3,"11":1,"12":1},"f":{"0":1},"b":{},"_coverageSchema":"1a1c01bbd47fc00a2c39e90264f33305004495a9","hash":"109a5e5ec6d653cd4e77f9d2382bdaf79393cc51"}
}
