TN:
SF:src/01.js
FN:1,charLength
FNF:1
FNH:1
FNDA:1,charLength
DA:2,1
DA:7,1
LF:2
LH:2
BRF:0
BRH:0
end_of_record
TN:
SF:src/02.js
FN:1,sum
FNF:1
FNH:1
FNDA:1,sum
DA:2,1
DA:5,1
LF:2
LH:2
BRF:0
BRH:0
end_of_record
TN:
SF:src/03.js
FN:1,mebiToKibi
FNF:1
FNH:1
FNDA:1,mebiToKibi
DA:2,1
DA:5,1
LF:2
LH:2
BRF:0
BRH:0
end_of_record
TN:
SF:src/04.js
FN:1,isLeapYear
FNF:1
FNH:1
FNDA:2,isLeapYear
DA:3,2
DA:6,1
LF:2
LH:2
BRDA:3,0,0,2
BRDA:3,0,1,1
BRDA:3,0,2,1
BRF:3
BRH:3
end_of_record
TN:
SF:src/05.js
FN:1,isPrime
FNF:1
FNH:1
FNDA:3,isPrime
DA:2,4
DA:3,2
DA:6,1
LF:3
LH:3
BRDA:2,0,0,1
BRDA:2,0,1,3
BRF:2
BRH:2
end_of_record
TN:
SF:src/06.js
FN:1,repeatString
FNF:1
FNH:1
FNDA:2,repeatString
DA:3,2
DA:4,2
DA:6,2
DA:7,6
DA:8,42
DA:11,2
DA:13,1
DA:15,1
LF:8
LH:8
BRF:0
BRH:0
end_of_record
TN:
SF:src/07.js
FN:1,repeatLetter
FNF:1
FNH:1
FNDA:1,repeatLetter
DA:2,1
DA:3,1
DA:5,1
DA:6,3
DA:7,3
DA:8,11
DA:9,22
DA:12,3
DA:14,1
DA:17,1
LF:10
LH:10
BRF:0
BRH:0
end_of_record
